Time resolution is 1 ps
distance -  21493, x =  80, y =  40
distance -  25285, x =  60, y =  48
distance -  21682, x =  69, y =  56
distance -  26989, x =  48, y =  60
distance -  17725, x =  88, y =  52
distance -  20981, x =  64, y =  72
distance -  33989, x =  40, y =  32
distance -  12613, x =  96, y =  80
distance -  25493, x =  76, y =  24
distance -  21125, x =  56, y =  96
distance -  17485, x =  84, y =  60
distance -  29725, x =  36, y =  68
distance -  19517, x =  92, y =  36
distance -  17397, x =  72, y =  88
distance -  28205, x =  52, y =  44
distance -  13573, x = 100, y =  64
distance -  21445, x =  60, y = 176
distance -  17173, x =  80, y = 184
distance -  22229, x =  68, y = 200
distance -  26221, x =  48, y = 188
distance -  14909, x =  88, y = 180
distance -  25877, x =  64, y = 216
distance -  26645, x =  40, y = 168
distance -  19813, x =  96, y = 224
distance -  15973, x =  76, y = 160
distance -  31189, x =  56, y = 232
distance -  16717, x =  84, y = 188
distance -  32173, x =  36, y = 204
distance -  13261, x =  92, y = 172
distance -  22437, x =  72, y = 208
distance -  22685, x =  52, y = 164
distance -  13829, x = 100, y = 192
distance -   6341, x = 188, y =  48
distance -   7669, x = 208, y =  40
distance -   5042, x = 197, y =  56
distance -   4973, x = 176, y =  60
distance -   5949, x = 216, y =  52
distance -   3061, x = 192, y =  72
distance -   9925, x = 168, y =  32
distance -   2885, x = 224, y =  80
distance -  10645, x = 204, y =  24
distance -   1157, x = 184, y =  96
distance -   4685, x = 212, y =  60
distance -   4637, x = 164, y =  68
distance -   8765, x = 220, y =  36
distance -   1525, x = 200, y =  88
distance -   7213, x = 180, y =  44
distance -   4869, x = 228, y =  64
distance -   2501, x = 188, y = 176
distance -   3349, x = 208, y = 184
distance -   5333, x = 196, y = 200
distance -   4205, x = 176, y = 188
distance -   3133, x = 216, y = 180
distance -   7957, x = 192, y = 216
distance -   2581, x = 168, y = 168
distance -  10085, x = 224, y = 224
distance -   1125, x = 204, y = 160
distance -  11221, x = 184, y = 232
distance -   3917, x = 212, y = 188
distance -   7085, x = 164, y = 204
distance -   2509, x = 220, y = 172
distance -   6565, x = 200, y = 208
distance -   1693, x = 180, y = 164
distance -   5125, x = 228, y = 192
distance -      x, x =   x, y =   x
distance -      x, x =   x, y =   x
3 2 2 3 3
  1125   1157   1525   1693   2501
Class_in - 3
class = 3, clock =   34
class = 3, clock =   34
class = 3, clock =   34
class = 3, clock =   34
class = 3, clock =   34
class = 3, clock =   34
class = 3, clock =   34
class = 3, clock =   34
class = 3, clock =   34
class = 3, clock =   34
class = 3, clock =   34
class = 3, clock =   34
class = 3, clock =   34
class = 3, clock =   34
class = 3, clock =   34
class = 3, clock =   34
class = 3, clock =   34
class = 3, clock =   34
class = 3, clock =   34
class = 3, clock =   34
class = 3, clock =   34
class = 3, clock =   34
class = 3, clock =   34
class = 3, clock =   34
class = 3, clock =   34
class = 3, clock =   34
class = 3, clock =   34
class = 3, clock =   34
class = 3, clock =   34
class = 3, clock =   34
class = 3, clock =   34
class = 3, clock =   34
class = 3, clock =   34
class = 3, clock =   34
class = 3, clock =   34
class = 3, clock =   34
class = 3, clock =   34
class = 3, clock =   34
class = 3, clock =   34
class = 3, clock =   34
class = 3, clock =   34
class = 3, clock =   34
class = 3, clock =   34
class = 3, clock =   34
class = 3, clock =   34
class = 3, clock =   34
class = 3, clock =   34
class = 3, clock =   34
class = 3, clock =   34
class = 3, clock =   34
class = 3, clock =   34
class = 3, clock =   34
class = 3, clock =   34
class = 3, clock =   34
class = 3, clock =   34
class = 3, clock =   34
class = 3, clock =   34
class = 3, clock =   34
class = 3, clock =   34
class = 3, clock =   34
class = 3, clock =   34
class = 3, clock =   34
class = 3, clock =   34
class = 3, clock =   34
